[debug] [2023-11-29T09:22:50.197Z] ----------------------------------------------------------------------
[debug] [2023-11-29T09:22:50.213Z] Command:       C:\Program Files\nodejs\node.exe C:\Users\PUJA COMPUTER\AppData\Roaming\npm\node_modules\firebase-tools\lib\bin\firebase.js init
[debug] [2023-11-29T09:22:50.215Z] CLI Version:   12.9.1
[debug] [2023-11-29T09:22:50.218Z] Platform:      win32
[debug] [2023-11-29T09:22:50.219Z] Node Version:  v18.15.0
[debug] [2023-11-29T09:22:50.224Z] Time:          Wed Nov 29 2023 14:52:50 GMT+0530 (India Standard Time)
[debug] [2023-11-29T09:22:50.225Z] ----------------------------------------------------------------------
[debug] 
[debug] [2023-11-29T09:22:50.267Z] > command requires scopes: ["email","openid","https://www.googleapis.com/auth/cloudplatformprojects.readonly","https://www.googleapis.com/auth/firebase","https://www.googleapis.com/auth/cloud-platform"]
[debug] [2023-11-29T09:22:50.271Z] > authorizing via signed-in user (manishchoubey7071@gmail.com)
[info] 
     ######## #### ########  ######## ########     ###     ######  ########
     ##        ##  ##     ## ##       ##     ##  ##   ##  ##       ##
     ######    ##  ########  ######   ########  #########  ######  ######
     ##        ##  ##    ##  ##       ##     ## ##     ##       ## ##
     ##       #### ##     ## ######## ########  ##     ##  ######  ########

You're about to initialize a Firebase project in this directory:

  F:\all file\Desktop\react assignment\React-assignment\fronted

[info] 
=== Project Setup
[info] 
[info] First, let's associate this project directory with a Firebase project.
[info] You can create multiple project aliases by running firebase use --add, 
[info] but for now we'll just set up a default project.
[info] 
[debug] [2023-11-29T09:23:20.406Z] >>> [apiv2][query] GET https://firebase.googleapis.com/v1beta1/projects pageSize=100
[debug] [2023-11-29T09:23:22.022Z] <<< [apiv2][status] GET https://firebase.googleapis.com/v1beta1/projects 200
[debug] [2023-11-29T09:23:22.023Z] <<< [apiv2][body] GET https://firebase.googleapis.com/v1beta1/projects [omitted]
[debug] [2023-11-29T09:24:44.209Z] ----------------------------------------------------------------------
[debug] [2023-11-29T09:24:44.225Z] Command:       C:\Program Files\nodejs\node.exe C:\Users\PUJA COMPUTER\AppData\Roaming\npm\node_modules\firebase-tools\lib\bin\firebase.js init
[debug] [2023-11-29T09:24:44.227Z] CLI Version:   12.9.1
[debug] [2023-11-29T09:24:44.229Z] Platform:      win32
[debug] [2023-11-29T09:24:44.230Z] Node Version:  v18.15.0
[debug] [2023-11-29T09:24:44.235Z] Time:          Wed Nov 29 2023 14:54:44 GMT+0530 (India Standard Time)
[debug] [2023-11-29T09:24:44.236Z] ----------------------------------------------------------------------
[debug] 
[debug] [2023-11-29T09:24:44.275Z] > command requires scopes: ["email","openid","https://www.googleapis.com/auth/cloudplatformprojects.readonly","https://www.googleapis.com/auth/firebase","https://www.googleapis.com/auth/cloud-platform"]
[debug] [2023-11-29T09:24:44.278Z] > authorizing via signed-in user (manishchoubey7071@gmail.com)
[info] 
     ######## #### ########  ######## ########     ###     ######  ########
     ##        ##  ##     ## ##       ##     ##  ##   ##  ##       ##
     ######    ##  ########  ######   ########  #########  ######  ######
     ##        ##  ##    ##  ##       ##     ## ##     ##       ## ##
     ##       #### ##     ## ######## ########  ##     ##  ######  ########

You're about to initialize a Firebase project in this directory:

  F:\all file\Desktop\react assignment\React-assignment\fronted

[info] 
=== Project Setup
[info] 
[info] First, let's associate this project directory with a Firebase project.
[info] You can create multiple project aliases by running firebase use --add, 
[info] but for now we'll just set up a default project.
[info] 
[info] i  If you want to create a project in a Google Cloud organization or folder, please use "firebase projects:create" instead, and return to this command when you've created the project. 
[debug] [2023-11-29T09:25:30.101Z] >>> [apiv2][query] POST https://cloudresourcemanager.googleapis.com/v1/projects [none]
[debug] [2023-11-29T09:25:30.102Z] >>> [apiv2][body] POST https://cloudresourcemanager.googleapis.com/v1/projects {"projectId":"62","name":"react-app"}
[debug] [2023-11-29T09:25:32.558Z] <<< [apiv2][status] POST https://cloudresourcemanager.googleapis.com/v1/projects 400
[debug] [2023-11-29T09:25:32.558Z] <<< [apiv2][body] POST https://cloudresourcemanager.googleapis.com/v1/projects {"error":{"code":400,"message":"Request contains an invalid argument.","status":"INVALID_ARGUMENT","details":[{"@type":"type.googleapis.com/google.rpc.BadRequest","fieldViolations":[{"field":"project_id","description":"project_id must be at least 6 characters long"},{"field":"project_id","description":"project_id contains invalid characters"}]},{"@type":"type.googleapis.com/google.rpc.Help","links":[{"url":"https://cloud.google.com/resource-manager/reference/rest/v1/projects"}]}]}}
[debug] [2023-11-29T09:25:33.009Z] FirebaseError: HTTP Error: 400, Request contains an invalid argument.
    at responseToError (C:\Users\PUJA COMPUTER\AppData\Roaming\npm\node_modules\firebase-tools\lib\responseToError.js:49:12)
    at RetryOperation._fn (C:\Users\PUJA COMPUTER\AppData\Roaming\npm\node_modules\firebase-tools\lib\apiv2.js:285:77)
    at process.processTicksAndRejections (node:internal/process/task_queues:95:5)
[error] 
[error] Error: Failed to create project. See firebase-debug.log for more info.
[debug] [2023-11-29T09:25:53.156Z] ----------------------------------------------------------------------
[debug] [2023-11-29T09:25:53.161Z] Command:       C:\Program Files\nodejs\node.exe C:\Users\PUJA COMPUTER\AppData\Roaming\npm\node_modules\firebase-tools\lib\bin\firebase.js init
[debug] [2023-11-29T09:25:53.161Z] CLI Version:   12.9.1
[debug] [2023-11-29T09:25:53.162Z] Platform:      win32
[debug] [2023-11-29T09:25:53.163Z] Node Version:  v18.15.0
[debug] [2023-11-29T09:25:53.164Z] Time:          Wed Nov 29 2023 14:55:53 GMT+0530 (India Standard Time)
[debug] [2023-11-29T09:25:53.165Z] ----------------------------------------------------------------------
[debug] 
[debug] [2023-11-29T09:25:53.194Z] > command requires scopes: ["email","openid","https://www.googleapis.com/auth/cloudplatformprojects.readonly","https://www.googleapis.com/auth/firebase","https://www.googleapis.com/auth/cloud-platform"]
[debug] [2023-11-29T09:25:53.195Z] > authorizing via signed-in user (manishchoubey7071@gmail.com)
[info] 
     ######## #### ########  ######## ########     ###     ######  ########
     ##        ##  ##     ## ##       ##     ##  ##   ##  ##       ##
     ######    ##  ########  ######   ########  #########  ######  ######
     ##        ##  ##    ##  ##       ##     ## ##     ##       ## ##
     ##       #### ##     ## ######## ########  ##     ##  ######  ########

You're about to initialize a Firebase project in this directory:

  F:\all file\Desktop\react assignment\React-assignment\fronted

[info] 
=== Project Setup
[info] 
[info] First, let's associate this project directory with a Firebase project.
[info] You can create multiple project aliases by running firebase use --add, 
[info] but for now we'll just set up a default project.
[info] 
[info] i  If you want to create a project in a Google Cloud organization or folder, please use "firebase projects:create" instead, and return to this command when you've created the project. 
[debug] [2023-11-29T09:26:24.432Z] >>> [apiv2][query] POST https://cloudresourcemanager.googleapis.com/v1/projects [none]
[debug] [2023-11-29T09:26:24.433Z] >>> [apiv2][body] POST https://cloudresourcemanager.googleapis.com/v1/projects {"projectId":"react-app","name":"react-app"}
[debug] [2023-11-29T09:26:27.041Z] <<< [apiv2][status] POST https://cloudresourcemanager.googleapis.com/v1/projects 409
[debug] [2023-11-29T09:26:27.042Z] <<< [apiv2][body] POST https://cloudresourcemanager.googleapis.com/v1/projects {"error":{"code":409,"message":"Requested entity already exists","status":"ALREADY_EXISTS"}}
[debug] [2023-11-29T09:26:27.478Z] FirebaseError: HTTP Error: 409, Requested entity already exists
    at responseToError (C:\Users\PUJA COMPUTER\AppData\Roaming\npm\node_modules\firebase-tools\lib\responseToError.js:49:12)
    at RetryOperation._fn (C:\Users\PUJA COMPUTER\AppData\Roaming\npm\node_modules\firebase-tools\lib\apiv2.js:285:77)
    at process.processTicksAndRejections (node:internal/process/task_queues:95:5)
[error] 
[error] Error: Failed to create project because there is already a project with ID react-app. Please try again with a unique project ID.
[debug] [2023-11-29T11:49:26.935Z] ----------------------------------------------------------------------
[debug] [2023-11-29T11:49:26.957Z] Command:       C:\Program Files\nodejs\node.exe C:\Users\PUJA COMPUTER\AppData\Roaming\npm\node_modules\firebase-tools\lib\bin\firebase.js init
[debug] [2023-11-29T11:49:26.957Z] CLI Version:   12.9.1
[debug] [2023-11-29T11:49:26.958Z] Platform:      win32
[debug] [2023-11-29T11:49:26.959Z] Node Version:  v18.15.0
[debug] [2023-11-29T11:49:26.960Z] Time:          Wed Nov 29 2023 17:19:26 GMT+0530 (India Standard Time)
[debug] [2023-11-29T11:49:26.961Z] ----------------------------------------------------------------------
[debug] 
[debug] [2023-11-29T11:49:26.985Z] > command requires scopes: ["email","openid","https://www.googleapis.com/auth/cloudplatformprojects.readonly","https://www.googleapis.com/auth/firebase","https://www.googleapis.com/auth/cloud-platform"]
[debug] [2023-11-29T11:49:26.986Z] > authorizing via signed-in user (manishchoubey7071@gmail.com)
[info] 
     ######## #### ########  ######## ########     ###     ######  ########
     ##        ##  ##     ## ##       ##     ##  ##   ##  ##       ##
     ######    ##  ########  ######   ########  #########  ######  ######
     ##        ##  ##    ##  ##       ##     ## ##     ##       ## ##
     ##       #### ##     ## ######## ########  ##     ##  ######  ########

You're about to initialize a Firebase project in this directory:

  F:\all file\Desktop\react assignment\React-assignment\fronted

[info] 
=== Project Setup
[info] 
[info] First, let's associate this project directory with a Firebase project.
[info] You can create multiple project aliases by running firebase use --add, 
[info] but for now we'll just set up a default project.
[info] 
[debug] [2023-11-29T12:29:52.703Z] > refreshing access token with scopes: []
[debug] [2023-11-29T12:29:52.707Z] >>> [apiv2][query] POST https://www.googleapis.com/oauth2/v3/token [none]
[debug] [2023-11-29T12:29:52.707Z] >>> [apiv2][body] POST https://www.googleapis.com/oauth2/v3/token [omitted]
[debug] [2023-11-29T12:29:53.685Z] <<< [apiv2][status] POST https://www.googleapis.com/oauth2/v3/token 200
[debug] [2023-11-29T12:29:53.685Z] <<< [apiv2][body] POST https://www.googleapis.com/oauth2/v3/token [omitted]
[debug] [2023-11-29T12:29:53.766Z] >>> [apiv2][query] GET https://firebase.googleapis.com/v1beta1/projects pageSize=100
[debug] [2023-11-29T12:29:54.744Z] <<< [apiv2][status] GET https://firebase.googleapis.com/v1beta1/projects 200
[debug] [2023-11-29T12:29:54.744Z] <<< [apiv2][body] GET https://firebase.googleapis.com/v1beta1/projects [omitted]
[debug] [2023-11-29T12:31:25.661Z] ----------------------------------------------------------------------
[debug] [2023-11-29T12:31:25.667Z] Command:       C:\Program Files\nodejs\node.exe C:\Users\PUJA COMPUTER\AppData\Roaming\npm\node_modules\firebase-tools\lib\bin\firebase.js init
[debug] [2023-11-29T12:31:25.667Z] CLI Version:   12.9.1
[debug] [2023-11-29T12:31:25.668Z] Platform:      win32
[debug] [2023-11-29T12:31:25.669Z] Node Version:  v18.15.0
[debug] [2023-11-29T12:31:25.671Z] Time:          Wed Nov 29 2023 18:01:25 GMT+0530 (India Standard Time)
[debug] [2023-11-29T12:31:25.671Z] ----------------------------------------------------------------------
[debug] 
[debug] [2023-11-29T12:31:25.700Z] > command requires scopes: ["email","openid","https://www.googleapis.com/auth/cloudplatformprojects.readonly","https://www.googleapis.com/auth/firebase","https://www.googleapis.com/auth/cloud-platform"]
[debug] [2023-11-29T12:31:25.701Z] > authorizing via signed-in user (manishchoubey7071@gmail.com)
[info] 
     ######## #### ########  ######## ########     ###     ######  ########
     ##        ##  ##     ## ##       ##     ##  ##   ##  ##       ##
     ######    ##  ########  ######   ########  #########  ######  ######
     ##        ##  ##    ##  ##       ##     ## ##     ##       ## ##
     ##       #### ##     ## ######## ########  ##     ##  ######  ########

You're about to initialize a Firebase project in this directory:

  F:\all file\Desktop\react assignment\React-assignment\fronted

[info] 
=== Project Setup
[info] 
[info] First, let's associate this project directory with a Firebase project.
[info] You can create multiple project aliases by running firebase use --add, 
[info] but for now we'll just set up a default project.
[info] 
[info] i  If you want to create a project in a Google Cloud organization or folder, please use "firebase projects:create" instead, and return to this command when you've created the project. 
[debug] [2023-11-29T12:34:53.925Z] >>> [apiv2][query] POST https://cloudresourcemanager.googleapis.com/v1/projects [none]
[debug] [2023-11-29T12:34:53.925Z] >>> [apiv2][body] POST https://cloudresourcemanager.googleapis.com/v1/projects {"projectId":"react-app","name":" react-app"}
[debug] [2023-11-29T12:34:56.851Z] <<< [apiv2][status] POST https://cloudresourcemanager.googleapis.com/v1/projects 409
[debug] [2023-11-29T12:34:56.852Z] <<< [apiv2][body] POST https://cloudresourcemanager.googleapis.com/v1/projects {"error":{"code":409,"message":"Requested entity already exists","status":"ALREADY_EXISTS"}}
[debug] [2023-11-29T12:34:57.317Z] FirebaseError: HTTP Error: 409, Requested entity already exists
    at responseToError (C:\Users\PUJA COMPUTER\AppData\Roaming\npm\node_modules\firebase-tools\lib\responseToError.js:49:12)
    at RetryOperation._fn (C:\Users\PUJA COMPUTER\AppData\Roaming\npm\node_modules\firebase-tools\lib\apiv2.js:285:77)
    at process.processTicksAndRejections (node:internal/process/task_queues:95:5)
[error] 
[error] Error: Failed to create project because there is already a project with ID react-app. Please try again with a unique project ID.
